0 info it worked if it ends with ok
1 verbose cli [ '/Users/forrestguilloud/.nvm/versions/node/v4.5.0/bin/node',
1 verbose cli   '/Users/forrestguilloud/.nvm/versions/node/v4.5.0/bin/npm',
1 verbose cli   'version',
1 verbose cli   'patch' ]
2 info using npm@3.10.8
3 info using node@v4.5.0
4 info git [ 'status', '--porcelain' ]
5 verbose stack Error: Git working directory not clean.
5 verbose stack M dist/js/app.min.js
5 verbose stack M public/js/app.js
5 verbose stack M src/App.js
5 verbose stack M webpack.config.js
5 verbose stack     at /Users/forrestguilloud/.nvm/versions/node/v4.5.0/lib/node_modules/npm/lib/version.js:247:19
5 verbose stack     at /Users/forrestguilloud/.nvm/versions/node/v4.5.0/lib/node_modules/npm/lib/utils/no-progress-while-running.js:21:8
5 verbose stack     at ChildProcess.exithandler (child_process.js:204:7)
5 verbose stack     at emitTwo (events.js:87:13)
5 verbose stack     at ChildProcess.emit (events.js:172:7)
5 verbose stack     at maybeClose (internal/child_process.js:829:16)
5 verbose stack     at Socket.<anonymous> (internal/child_process.js:319:11)
5 verbose stack     at emitOne (events.js:77:13)
5 verbose stack     at Socket.emit (events.js:169:7)
5 verbose stack     at Pipe._onclose (net.js:486:12)
6 verbose cwd /Users/forrestguilloud/Desktop/blakeG/form-control
7 error Darwin 15.6.0
8 error argv "/Users/forrestguilloud/.nvm/versions/node/v4.5.0/bin/node" "/Users/forrestguilloud/.nvm/versions/node/v4.5.0/bin/npm" "version" "patch"
9 error node v4.5.0
10 error npm  v3.10.8
11 error Git working directory not clean.
11 error M dist/js/app.min.js
11 error M public/js/app.js
11 error M src/App.js
11 error M webpack.config.js
12 error If you need help, you may report this error at:
12 error     <https://github.com/npm/npm/issues>
13 verbose exit [ 1, true ]
